[{"line":2,"elements":[{"start_timestamp":"2023-05-04T10:43:20.998Z","line":4,"name":"Trendyol e2e mobil test","description":"","id":"com.trendyol;trendyol-e2e-mobil-test","type":"scenario","keyword":"Scenario","steps":[{"result":{"duration":31873313400,"status":"passed"},"line":5,"name":"user opens the trendyol app","match":{"location":"stepDefinitions.trendyolStepdefinition.user_opens_the_trendyol_app()"},"keyword":"* "},{"result":{"duration":12769610400,"status":"passed"},"line":6,"name":"click to gender button","match":{"location":"stepDefinitions.trendyolStepdefinition.clickToGenderButton()"},"keyword":"* "},{"result":{"duration":7023049400,"status":"passed"},"line":7,"name":"click to close advert button","match":{"location":"stepDefinitions.trendyolStepdefinition.click_to_close_advert_button()"},"keyword":"* "},{"result":{"duration":2047783800,"status":"passed"},"line":8,"name":"click to my account button","match":{"location":"stepDefinitions.trendyolStepdefinition.click_to_my_account_button()"},"keyword":"* "},{"result":{"duration":1734998700,"status":"passed"},"line":9,"name":"click to login in button","match":{"location":"stepDefinitions.trendyolStepdefinition.click_to_login_in_button()"},"keyword":"* "},{"result":{"duration":1508905100,"status":"passed"},"line":10,"name":"user writes an mail address in the mail box","match":{"location":"stepDefinitions.trendyolStepdefinition.user_writes_an_mail_address_in_the_mail_box()"},"keyword":"* "},{"result":{"duration":544003700,"status":"passed"},"line":11,"name":"user writes an password in the password box","match":{"location":"stepDefinitions.trendyolStepdefinition.user_writes_an_password_in_the_password_box()"},"keyword":"* "},{"result":{"duration":4439002700,"status":"passed"},"line":12,"name":"click to login button","match":{"location":"stepDefinitions.trendyolStepdefinition.click_to_login_button()"},"keyword":"* "},{"result":{"duration":5270932200,"status":"passed"},"line":13,"name":"click to home page button","match":{"location":"stepDefinitions.trendyolStepdefinition.click_to_home_page_button()"},"keyword":"* "},{"result":{"duration":2183044900,"status":"passed"},"line":14,"name":"user type \"nutella\" in search box","match":{"arguments":[{"val":"\"nutella\"","offset":10}],"location":"stepDefinitions.trendyolStepdefinition.user_type_in_search_box(java.lang.String)"},"keyword":"* "},{"result":{"duration":1702051400,"status":"passed"},"line":15,"name":"searches for the word","match":{"location":"stepDefinitions.trendyolStepdefinition.searches_for_the_word()"},"keyword":"* "},{"result":{"error_message":"org.openqa.selenium.NoSuchElementException: Can't locate an element by this strategy: By.xpath: /hierarchy/android.widget.FrameLayout/android.widget.LinearLayout/android.widget.FrameLayout/android.widget.FrameLayout/android.widget.FrameLayout/android.view.ViewGroup/android.widget.RelativeLayout/android.widget.FrameLayout/w1.a/android.widget.LinearLayout/android.view.ViewGroup/android.widget.FrameLayout/android.widget.FrameLayout/androidx.recyclerview.widget.RecyclerView/android.widget.FrameLayout/android.view.ViewGroup/android.widget.FrameLayout/android.widget.FrameLayout[2]/android.view.ViewGroup/androidx.viewpager.widget.ViewPager/androidx.recyclerview.widget.RecyclerView/android.widget.FrameLayout/android.widget.ImageView\r\n\tat io.appium.java_client.pagefactory.AppiumElementLocator.findElement(AppiumElementLocator.java:126)\r\n\tat io.appium.java_client.pagefactory.interceptors.InterceptorOfASingleElement.intercept(InterceptorOfASingleElement.java:59)\r\n\tat io.appium.java_client.android.AndroidElement$$EnhancerByCGLIB$$b598166c.click(<generated>)\r\n\tat stepDefinitions.trendyolStepdefinition.click_to_product(trendyolStepdefinition.java:61)\r\n\tat âœ½.click to product(file:///C:/Users/abdul/IdeaProjects/com.Trendyol_Appium/src/test/resources/features/trendyol.feature:16)\r\nCaused by: org.openqa.selenium.TimeoutException: Expected condition failed: waiting for io.appium.java_client.pagefactory.AppiumElementLocator$WaitingFunction@7048535f (tried for 20 second(s) with 500 milliseconds interval)\r\n\tat org.openqa.selenium.support.ui.FluentWait.timeoutException(FluentWait.java:304)\r\n\tat org.openqa.selenium.support.ui.FluentWait.until(FluentWait.java:272)\r\n\tat io.appium.java_client.pagefactory.AppiumElementLocator.waitFor(AppiumElementLocator.java:99)\r\n\tat io.appium.java_client.pagefactory.AppiumElementLocator.findElement(AppiumElementLocator.java:119)\r\n\tat io.appium.java_client.pagefactory.interceptors.InterceptorOfASingleElement.intercept(InterceptorOfASingleElement.java:59)\r\n\tat io.appium.java_client.android.AndroidElement$$EnhancerByCGLIB$$b598166c.click(<generated>)\r\n\tat stepDefinitions.trendyolStepdefinition.click_to_product(trendyolStepdefinition.java:61)\r\n\tat java.base/jdk.internal.reflect.NativeMethodAccessorImpl.invoke0(Native Method)\r\n\tat java.base/jdk.internal.reflect.NativeMethodAccessorImpl.invoke(NativeMethodAccessorImpl.java:62)\r\n\tat java.base/jdk.internal.reflect.DelegatingMethodAccessorImpl.invoke(DelegatingMethodAccessorImpl.java:43)\r\n\tat java.base/java.lang.reflect.Method.invoke(Method.java:566)\r\n\tat io.cucumber.java.Invoker.doInvoke(Invoker.java:66)\r\n\tat io.cucumber.java.Invoker.invoke(Invoker.java:24)\r\n\tat io.cucumber.java.AbstractGlueDefinition.invokeMethod(AbstractGlueDefinition.java:47)\r\n\tat io.cucumber.java.JavaStepDefinition.execute(JavaStepDefinition.java:29)\r\n\tat io.cucumber.core.runner.CoreStepDefinition.execute(CoreStepDefinition.java:66)\r\n\tat io.cucumber.core.runner.PickleStepDefinitionMatch.runStep(PickleStepDefinitionMatch.java:63)\r\n\tat io.cucumber.core.runner.ExecutionMode$1.execute(ExecutionMode.java:10)\r\n\tat io.cucumber.core.runner.TestStep.executeStep(TestStep.java:85)\r\n\tat io.cucumber.core.runner.TestStep.run(TestStep.java:57)\r\n\tat io.cucumber.core.runner.PickleStepTestStep.run(PickleStepTestStep.java:51)\r\n\tat io.cucumber.core.runner.TestCase.run(TestCase.java:84)\r\n\tat io.cucumber.core.runner.Runner.runPickle(Runner.java:75)\r\n\tat io.cucumber.junit.PickleRunners$NoStepDescriptions.lambda$run$0(PickleRunners.java:151)\r\n\tat io.cucumber.core.runtime.CucumberExecutionContext.lambda$runTestCase$5(CucumberExecutionContext.java:129)\r\n\tat io.cucumber.core.runtime.RethrowingThrowableCollector.executeAndThrow(RethrowingThrowableCollector.java:23)\r\n\tat io.cucumber.core.runtime.CucumberExecutionContext.runTestCase(CucumberExecutionContext.java:129)\r\n\tat io.cucumber.junit.PickleRunners$NoStepDescriptions.run(PickleRunners.java:148)\r\n\tat io.cucumber.junit.FeatureRunner.runChild(FeatureRunner.java:144)\r\n\tat io.cucumber.junit.FeatureRunner.runChild(FeatureRunner.java:28)\r\n\tat org.junit.runners.ParentRunner$4.run(ParentRunner.java:331)\r\n\tat org.junit.runners.ParentRunner$1.schedule(ParentRunner.java:79)\r\n\tat org.junit.runners.ParentRunner.runChildren(ParentRunner.java:329)\r\n\tat org.junit.runners.ParentRunner.access$100(ParentRunner.java:66)\r\n\tat org.junit.runners.ParentRunner$2.evaluate(ParentRunner.java:293)\r\n\tat org.junit.runners.ParentRunner$3.evaluate(ParentRunner.java:306)\r\n\tat org.junit.runners.ParentRunner.run(ParentRunner.java:413)\r\n\tat io.cucumber.junit.FeatureRunner.run(FeatureRunner.java:137)\r\n\tat io.cucumber.junit.Cucumber.runChild(Cucumber.java:196)\r\n\tat io.cucumber.junit.Cucumber.runChild(Cucumber.java:89)\r\n\tat org.junit.runners.ParentRunner$4.run(ParentRunner.java:331)\r\n\tat org.junit.runners.ParentRunner$1.schedule(ParentRunner.java:79)\r\n\tat org.junit.runners.ParentRunner.runChildren(ParentRunner.java:329)\r\n\tat org.junit.runners.ParentRunner.access$100(ParentRunner.java:66)\r\n\tat org.junit.runners.ParentRunner$2.evaluate(ParentRunner.java:293)\r\n\tat io.cucumber.junit.Cucumber$RunBeforeAllHooks.evaluate(Cucumber.java:266)\r\n\tat io.cucumber.junit.Cucumber$RunAfterAllHooks.evaluate(Cucumber.java:281)\r\n\tat io.cucumber.junit.Cucumber$StartTestRun.evaluate(Cucumber.java:233)\r\n\tat io.cucumber.junit.Cucumber$FinishTestRun.evaluate(Cucumber.java:248)\r\n\tat org.junit.runners.ParentRunner$3.evaluate(ParentRunner.java:306)\r\n\tat org.junit.runners.ParentRunner.run(ParentRunner.java:413)\r\n\tat org.junit.runner.JUnitCore.run(JUnitCore.java:137)\r\n\tat com.intellij.junit4.JUnit4IdeaTestRunner.startRunnerWithArgs(JUnit4IdeaTestRunner.java:69)\r\n\tat com.intellij.rt.junit.IdeaTestRunner$Repeater$1.execute(IdeaTestRunner.java:38)\r\n\tat com.intellij.rt.execution.junit.TestsRepeater.repeat(TestsRepeater.java:11)\r\n\tat com.intellij.rt.junit.IdeaTestRunner$Repeater.startRunnerWithArgs(IdeaTestRunner.java:35)\r\n\tat com.intellij.rt.junit.JUnitStarter.prepareStreamsAndStart(JUnitStarter.java:235)\r\n\tat com.intellij.rt.junit.JUnitStarter.main(JUnitStarter.java:54)\r\nCaused by: org.openqa.selenium.NoSuchElementException: An element could not be located on the page using the given search parameters.\nFor documentation on this error, please visit: https://www.seleniumhq.org/exceptions/no_such_element.html\nBuild info: version: '3.141.59', revision: 'e82be7d358', time: '2018-11-14T08:17:03'\nSystem info: host: 'ABDULLAH', ip: '192.168.1.12', os.name: 'Windows 10', os.arch: 'amd64', os.version: '10.0', java.version: '11.0.18'\nDriver info: io.appium.java_client.android.AndroidDriver\nCapabilities {appActivity: com.trendyol.common.splash...., appPackage: trendyol.com, automationName: UiAutomator2, databaseEnabled: false, desired: {appActivity: com.trendyol.common.splash...., appPackage: trendyol.com, automationName: UiAutomator2, deviceName: Pixel2, platformName: android, platformVersion: 11.0}, deviceApiLevel: 30, deviceManufacturer: Google, deviceModel: sdk_gphone_x86, deviceName: emulator-5554, deviceScreenDensity: 420, deviceScreenSize: 1080x1920, deviceUDID: emulator-5554, javascriptEnabled: true, locationContextEnabled: false, networkConnectionEnabled: true, pixelRatio: 2.625, platform: LINUX, platformName: Android, platformVersion: 11, statBarHeight: 63, takesScreenshot: true, viewportRect: {height: 1731, left: 0, top: 63, width: 1080}, warnings: {}, webStorageEnabled: false}\nSession ID: 5bbde610-530e-4bd9-b110-8485ff774822\n*** Element info: {Using=xpath, value=/hierarchy/android.widget.FrameLayout/android.widget.LinearLayout/android.widget.FrameLayout/android.widget.FrameLayout/android.widget.FrameLayout/android.view.ViewGroup/android.widget.RelativeLayout/android.widget.FrameLayout/w1.a/android.widget.LinearLayout/android.view.ViewGroup/android.widget.FrameLayout/android.widget.FrameLayout/androidx.recyclerview.widget.RecyclerView/android.widget.FrameLayout/android.view.ViewGroup/android.widget.FrameLayout/android.widget.FrameLayout[2]/android.view.ViewGroup/androidx.viewpager.widget.ViewPager/androidx.recyclerview.widget.RecyclerView/android.widget.FrameLayout/android.widget.ImageView}\r\n\tat java.base/jdk.internal.reflect.NativeConstructorAccessorImpl.newInstance0(Native Method)\r\n\tat java.base/jdk.internal.reflect.NativeConstructorAccessorImpl.newInstance(NativeConstructorAccessorImpl.java:62)\r\n\tat java.base/jdk.internal.reflect.DelegatingConstructorAccessorImpl.newInstance(DelegatingConstructorAccessorImpl.java:45)\r\n\tat java.base/java.lang.reflect.Constructor.newInstance(Constructor.java:490)\r\n\tat org.openqa.selenium.remote.http.W3CHttpResponseCodec.createException(W3CHttpResponseCodec.java:187)\r\n\tat org.openqa.selenium.remote.http.W3CHttpResponseCodec.decode(W3CHttpResponseCodec.java:122)\r\n\tat org.openqa.selenium.remote.http.W3CHttpResponseCodec.decode(W3CHttpResponseCodec.java:49)\r\n\tat org.openqa.selenium.remote.HttpCommandExecutor.execute(HttpCommandExecutor.java:158)\r\n\tat io.appium.java_client.remote.AppiumCommandExecutor.execute(AppiumCommandExecutor.java:239)\r\n\tat org.openqa.selenium.remote.RemoteWebDriver.execute(RemoteWebDriver.java:552)\r\n\tat io.appium.java_client.DefaultGenericMobileDriver.execute(DefaultGenericMobileDriver.java:41)\r\n\tat io.appium.java_client.AppiumDriver.execute(AppiumDriver.java:1)\r\n\tat io.appium.java_client.android.AndroidDriver.execute(AndroidDriver.java:1)\r\n\tat org.openqa.selenium.remote.RemoteWebDriver.findElement(RemoteWebDriver.java:323)\r\n\tat io.appium.java_client.DefaultGenericMobileDriver.findElement(DefaultGenericMobileDriver.java:61)\r\n\tat io.appium.java_client.AppiumDriver.findElement(AppiumDriver.java:1)\r\n\tat io.appium.java_client.android.AndroidDriver.findElement(AndroidDriver.java:1)\r\n\tat org.openqa.selenium.remote.RemoteWebDriver.findElementByXPath(RemoteWebDriver.java:428)\r\n\tat io.appium.java_client.DefaultGenericMobileDriver.findElementByXPath(DefaultGenericMobileDriver.java:151)\r\n\tat io.appium.java_client.AppiumDriver.findElementByXPath(AppiumDriver.java:1)\r\n\tat io.appium.java_client.android.AndroidDriver.findElementByXPath(AndroidDriver.java:1)\r\n\tat org.openqa.selenium.By$ByXPath.findElement(By.java:353)\r\n\tat org.openqa.selenium.remote.RemoteWebDriver.findElement(RemoteWebDriver.java:315)\r\n\tat io.appium.java_client.DefaultGenericMobileDriver.findElement(DefaultGenericMobileDriver.java:57)\r\n\tat io.appium.java_client.AppiumDriver.findElement(AppiumDriver.java:1)\r\n\tat io.appium.java_client.android.AndroidDriver.findElement(AndroidDriver.java:1)\r\n\tat io.appium.java_client.pagefactory.bys.ContentMappedBy.findElement(ContentMappedBy.java:50)\r\n\tat org.openqa.selenium.remote.RemoteWebDriver.findElement(RemoteWebDriver.java:315)\r\n\tat io.appium.java_client.DefaultGenericMobileDriver.findElement(DefaultGenericMobileDriver.java:57)\r\n\tat io.appium.java_client.AppiumDriver.findElement(AppiumDriver.java:1)\r\n\tat io.appium.java_client.android.AndroidDriver.findElement(AndroidDriver.java:1)\r\n\tat io.appium.java_client.pagefactory.AppiumElementLocator.lambda$0(AppiumElementLocator.java:120)\r\n\tat io.appium.java_client.pagefactory.AppiumElementLocator$WaitingFunction.apply(AppiumElementLocator.java:172)\r\n\tat io.appium.java_client.pagefactory.AppiumElementLocator$WaitingFunction.apply(AppiumElementLocator.java:1)\r\n\tat org.openqa.selenium.support.ui.FluentWait.until(FluentWait.java:249)\r\n\t... 56 more\r\n","duration":20756070200,"status":"failed"},"line":16,"name":"click to product","match":{"location":"stepDefinitions.trendyolStepdefinition.click_to_product()"},"keyword":"* "},{"result":{"duration":999800,"status":"skipped"},"line":17,"name":"click to add to cart button","match":{"location":"stepDefinitions.trendyolStepdefinition.click_to_add_to_cart_button()"},"keyword":"* "},{"result":{"status":"skipped"},"line":18,"name":"click to confirm cart button","match":{"location":"stepDefinitions.trendyolStepdefinition.click_to_confirm_cart_button()"},"keyword":"* "},{"result":{"duration":999900,"status":"skipped"},"line":19,"name":"click to tip close button","match":{"location":"stepDefinitions.trendyolStepdefinition.click_to_tip_close_button()"},"keyword":"* "},{"result":{"status":"skipped"},"line":20,"name":"user writes the card number","match":{"location":"stepDefinitions.trendyolStepdefinition.user_writes_the_card_number()"},"keyword":"* "},{"result":{"status":"skipped"},"line":21,"name":"user writes card expiry date","match":{"location":"stepDefinitions.trendyolStepdefinition.user_writes_card_expiry_date()"},"keyword":"* "},{"result":{"duration":999600,"status":"skipped"},"line":22,"name":"user writes cart CVV number","match":{"location":"stepDefinitions.trendyolStepdefinition.user_writes_cart_cvv_number()"},"keyword":"* "},{"result":{"status":"skipped"},"line":23,"name":"scroll down the page","match":{"location":"stepDefinitions.trendyolStepdefinition.scroll_down_the_page()"},"keyword":"* "},{"result":{"status":"skipped"},"line":24,"name":"click to checkbox","match":{"location":"stepDefinitions.trendyolStepdefinition.click_to_checkbox()"},"keyword":"* "},{"result":{"duration":999600,"status":"skipped"},"line":25,"name":"close the driver without buying","match":{"location":"stepDefinitions.trendyolStepdefinition.close_the_driver_without_buying()"},"keyword":"* "}],"tags":[{"name":"@wip"}]}],"name":"com.trendyol","description":"","id":"com.trendyol","keyword":"Feature","uri":"file:src/test/resources/features/trendyol.feature","tags":[{"name":"@wip","type":"Tag","location":{"line":1,"column":1}}]}]